  419048901_Proyecto_Gpo04.cpp
C:\Users\HP\Documents\Computacion Grafica\419048901_Proyecto_Gpo04\ProyectoFinal\ProyectoFinal\modelAnim.h(104,44): warning C4244: '=': conversión de 'double' a 'float'; posible pérdida de datos
C:\Users\HP\Documents\Computacion Grafica\419048901_Proyecto_Gpo04\ProyectoFinal\ProyectoFinal\modelAnim.h(519,24): warning C4244: 'inicializando': conversión de 'double' a 'float'; posible pérdida de datos
C:\Users\HP\Documents\Computacion Grafica\419048901_Proyecto_Gpo04\ProyectoFinal\ProyectoFinal\419048901_Proyecto_Gpo04.cpp(364,24): warning C4244: 'inicializando': conversión de 'double' a 'GLfloat'; posible pérdida de datos
C:\Users\HP\Documents\Computacion Grafica\419048901_Proyecto_Gpo04\ProyectoFinal\ProyectoFinal\419048901_Proyecto_Gpo04.cpp(986,11): warning C4244: '=': conversión de 'double' a 'GLfloat'; posible pérdida de datos
C:\Users\HP\Documents\Computacion Grafica\419048901_Proyecto_Gpo04\ProyectoFinal\ProyectoFinal\419048901_Proyecto_Gpo04.cpp(987,11): warning C4244: '=': conversión de 'double' a 'GLfloat'; posible pérdida de datos
C:\Users\HP\Documents\Computacion Grafica\419048901_Proyecto_Gpo04\ProyectoFinal\ProyectoFinal\419048901_Proyecto_Gpo04.cpp(991,18): warning C4244: 'inicializando': conversión de 'double' a 'GLfloat'; posible pérdida de datos
C:\Users\HP\Documents\Computacion Grafica\419048901_Proyecto_Gpo04\ProyectoFinal\ProyectoFinal\419048901_Proyecto_Gpo04.cpp(992,18): warning C4244: 'inicializando': conversión de 'double' a 'GLfloat'; posible pérdida de datos
C:\Users\HP\Documents\Computacion Grafica\419048901_Proyecto_Gpo04\ProyectoFinal\ProyectoFinal\419048901_Proyecto_Gpo04.cpp(994,10): warning C4244: '=': conversión de 'double' a 'GLfloat'; posible pérdida de datos
C:\Users\HP\Documents\Computacion Grafica\419048901_Proyecto_Gpo04\ProyectoFinal\ProyectoFinal\419048901_Proyecto_Gpo04.cpp(995,10): warning C4244: '=': conversión de 'double' a 'GLfloat'; posible pérdida de datos
soil2-debug.lib(SOIL2.obj) : warning LNK4075: se omite '/EDITANDCONTINUE' debido a la especificación '/OPT:ICF'
LINK : warning LNK4098: la biblioteca predeterminada'MSVCRTD' entra en conflicto con otras bibliotecas; use la biblioteca /NODEFAULTLIB:biblioteca
  Generando código
  1040 of 1052 functions (98.9%) were compiled, the rest were copied from previous compilation.
    371 functions were new in current compilation
    2 functions had inline decision re-evaluated but remain unchanged
  Generación de código finalizada
soil2-debug.lib(etc1_utils.obj) : warning LNK4099: no se encontró PDB '' con 'soil2-debug.lib(etc1_utils.obj)' o en ''; se vinculará el objeto sin tener en cuenta información de depuración
soil2-debug.lib(image_DXT.obj) : warning LNK4099: no se encontró PDB 'soil2-debug.pdb' con 'soil2-debug.lib(image_DXT.obj)' o en 'C:\Users\HP\Documents\Computacion Grafica\419048901_Proyecto_Gpo04\ProyectoFinal\Release\soil2-debug.pdb'; se vinculará el objeto sin tener en cuenta información de depuración
soil2-debug.lib(image_helper.obj) : warning LNK4099: no se encontró PDB 'soil2-debug.pdb' con 'soil2-debug.lib(image_helper.obj)' o en 'C:\Users\HP\Documents\Computacion Grafica\419048901_Proyecto_Gpo04\ProyectoFinal\Release\soil2-debug.pdb'; se vinculará el objeto sin tener en cuenta información de depuración
soil2-debug.lib(SOIL2.obj) : warning LNK4099: no se encontró PDB 'soil2-debug.pdb' con 'soil2-debug.lib(SOIL2.obj)' o en 'C:\Users\HP\Documents\Computacion Grafica\419048901_Proyecto_Gpo04\ProyectoFinal\Release\soil2-debug.pdb'; se vinculará el objeto sin tener en cuenta información de depuración
  ProyectoFinal.vcxproj -> C:\Users\HP\Documents\Computacion Grafica\419048901_Proyecto_Gpo04\ProyectoFinal\Release\ProyectoFinal.exe
