  main.cpp
C:\Users\HP\Documents\Computacion Grafica\419048901_Proyecto_Gpo04\ProyectoFinal\ProyectoFinal\main.cpp(207,24): warning C4244: 'inicializando': conversión de 'double' a 'GLfloat'; posible pérdida de datos
C:\Users\HP\Documents\Computacion Grafica\419048901_Proyecto_Gpo04\ProyectoFinal\ProyectoFinal\main.cpp(242,21): warning C4244: '=': conversión de 'double' a 'T'; posible pérdida de datos
          with
          [
              T=float
          ]
C:\Users\HP\Documents\Computacion Grafica\419048901_Proyecto_Gpo04\ProyectoFinal\ProyectoFinal\main.cpp(243,21): warning C4244: '=': conversión de 'double' a 'T'; posible pérdida de datos
          with
          [
              T=float
          ]
C:\Users\HP\Documents\Computacion Grafica\419048901_Proyecto_Gpo04\ProyectoFinal\ProyectoFinal\main.cpp(244,25): warning C4244: '=': conversión de 'double' a 'T'; posible pérdida de datos
          with
          [
              T=float
          ]
C:\Users\HP\Documents\Computacion Grafica\419048901_Proyecto_Gpo04\ProyectoFinal\ProyectoFinal\main.cpp(457,11): warning C4244: '=': conversión de 'double' a 'GLfloat'; posible pérdida de datos
C:\Users\HP\Documents\Computacion Grafica\419048901_Proyecto_Gpo04\ProyectoFinal\ProyectoFinal\main.cpp(458,11): warning C4244: '=': conversión de 'double' a 'GLfloat'; posible pérdida de datos
C:\Users\HP\Documents\Computacion Grafica\419048901_Proyecto_Gpo04\ProyectoFinal\ProyectoFinal\main.cpp(462,18): warning C4244: 'inicializando': conversión de 'double' a 'GLfloat'; posible pérdida de datos
C:\Users\HP\Documents\Computacion Grafica\419048901_Proyecto_Gpo04\ProyectoFinal\ProyectoFinal\main.cpp(463,18): warning C4244: 'inicializando': conversión de 'double' a 'GLfloat'; posible pérdida de datos
C:\Users\HP\Documents\Computacion Grafica\419048901_Proyecto_Gpo04\ProyectoFinal\ProyectoFinal\main.cpp(465,10): warning C4244: '=': conversión de 'double' a 'GLfloat'; posible pérdida de datos
C:\Users\HP\Documents\Computacion Grafica\419048901_Proyecto_Gpo04\ProyectoFinal\ProyectoFinal\main.cpp(466,10): warning C4244: '=': conversión de 'double' a 'GLfloat'; posible pérdida de datos
  ProyectoFinal.vcxproj -> C:\Users\HP\Documents\Computacion Grafica\419048901_Proyecto_Gpo04\ProyectoFinal\Debug\ProyectoFinal.exe
